<?xml version="1.0" encoding="UTF-8"?>
<testsuite xmlns:xsi="http://www.w3.org/2001/XMLSchema-instance" xsi:noNamespaceSchemaLocation="https://maven.apache.org/surefire/maven-surefire-plugin/xsd/surefire-test-report-3.0.xsd" version="3.0" name="TestSuite" time="19.362" tests="2" errors="0" skipped="0" failures="1">
  <properties>
    <property name="java.specification.version" value="17"/>
    <property name="sun.cpu.isalist" value="amd64"/>
    <property name="sun.jnu.encoding" value="Cp1252"/>
    <property name="java.class.path" value="C:\Users\Bharathwaj_Arunachal\eclipse-workspace\BrowserStackLearn\target\test-classes;C:\Users\Bharathwaj_Arunachal\eclipse-workspace\BrowserStackLearn\target\classes;C:\Users\Bharathwaj_Arunachal\.m2\repository\org\seleniumhq\selenium\selenium-java\4.6.0\selenium-java-4.6.0.jar;C:\Users\Bharathwaj_Arunachal\.m2\repository\org\seleniumhq\selenium\selenium-api\4.6.0\selenium-api-4.6.0.jar;C:\Users\Bharathwaj_Arunachal\.m2\repository\org\seleniumhq\selenium\selenium-chrome-driver\4.6.0\selenium-chrome-driver-4.6.0.jar;C:\Users\Bharathwaj_Arunachal\.m2\repository\com\google\auto\service\auto-service-annotations\1.0.1\auto-service-annotations-1.0.1.jar;C:\Users\Bharathwaj_Arunachal\.m2\repository\com\google\auto\service\auto-service\1.0.1\auto-service-1.0.1.jar;C:\Users\Bharathwaj_Arunachal\.m2\repository\com\google\auto\auto-common\1.2\auto-common-1.2.jar;C:\Users\Bharathwaj_Arunachal\.m2\repository\com\google\guava\guava\31.1-jre\guava-31.1-jre.jar;C:\Users\Bharathwaj_Arunachal\.m2\repository\com\google\guava\failureaccess\1.0.1\failureaccess-1.0.1.jar;C:\Users\Bharathwaj_Arunachal\.m2\repository\com\google\guava\listenablefuture\9999.0-empty-to-avoid-conflict-with-guava\listenablefuture-9999.0-empty-to-avoid-conflict-with-guava.jar;C:\Users\Bharathwaj_Arunachal\.m2\repository\org\checkerframework\checker-qual\3.12.0\checker-qual-3.12.0.jar;C:\Users\Bharathwaj_Arunachal\.m2\repository\com\google\errorprone\error_prone_annotations\2.11.0\error_prone_annotations-2.11.0.jar;C:\Users\Bharathwaj_Arunachal\.m2\repository\com\google\j2objc\j2objc-annotations\1.3\j2objc-annotations-1.3.jar;C:\Users\Bharathwaj_Arunachal\.m2\repository\org\seleniumhq\selenium\selenium-chromium-driver\4.6.0\selenium-chromium-driver-4.6.0.jar;C:\Users\Bharathwaj_Arunachal\.m2\repository\org\seleniumhq\selenium\selenium-json\4.6.0\selenium-json-4.6.0.jar;C:\Users\Bharathwaj_Arunachal\.m2\repository\org\seleniumhq\selenium\selenium-devtools-v105\4.6.0\selenium-devtools-v105-4.6.0.jar;C:\Users\Bharathwaj_Arunachal\.m2\repository\org\seleniumhq\selenium\selenium-devtools-v106\4.6.0\selenium-devtools-v106-4.6.0.jar;C:\Users\Bharathwaj_Arunachal\.m2\repository\org\seleniumhq\selenium\selenium-devtools-v107\4.6.0\selenium-devtools-v107-4.6.0.jar;C:\Users\Bharathwaj_Arunachal\.m2\repository\org\seleniumhq\selenium\selenium-devtools-v85\4.6.0\selenium-devtools-v85-4.6.0.jar;C:\Users\Bharathwaj_Arunachal\.m2\repository\org\seleniumhq\selenium\selenium-edge-driver\4.6.0\selenium-edge-driver-4.6.0.jar;C:\Users\Bharathwaj_Arunachal\.m2\repository\org\seleniumhq\selenium\selenium-firefox-driver\4.6.0\selenium-firefox-driver-4.6.0.jar;C:\Users\Bharathwaj_Arunachal\.m2\repository\org\seleniumhq\selenium\selenium-ie-driver\4.6.0\selenium-ie-driver-4.6.0.jar;C:\Users\Bharathwaj_Arunachal\.m2\repository\org\seleniumhq\selenium\selenium-remote-driver\4.6.0\selenium-remote-driver-4.6.0.jar;C:\Users\Bharathwaj_Arunachal\.m2\repository\io\netty\netty-buffer\4.1.84.Final\netty-buffer-4.1.84.Final.jar;C:\Users\Bharathwaj_Arunachal\.m2\repository\io\netty\netty-codec-http\4.1.84.Final\netty-codec-http-4.1.84.Final.jar;C:\Users\Bharathwaj_Arunachal\.m2\repository\io\netty\netty-codec\4.1.84.Final\netty-codec-4.1.84.Final.jar;C:\Users\Bharathwaj_Arunachal\.m2\repository\io\netty\netty-handler\4.1.84.Final\netty-handler-4.1.84.Final.jar;C:\Users\Bharathwaj_Arunachal\.m2\repository\io\netty\netty-common\4.1.84.Final\netty-common-4.1.84.Final.jar;C:\Users\Bharathwaj_Arunachal\.m2\repository\io\netty\netty-transport-classes-epoll\4.1.84.Final\netty-transport-classes-epoll-4.1.84.Final.jar;C:\Users\Bharathwaj_Arunachal\.m2\repository\io\netty\netty-transport-classes-kqueue\4.1.84.Final\netty-transport-classes-kqueue-4.1.84.Final.jar;C:\Users\Bharathwaj_Arunachal\.m2\repository\io\netty\netty-transport-native-epoll\4.1.84.Final\netty-transport-native-epoll-4.1.84.Final.jar;C:\Users\Bharathwaj_Arunachal\.m2\repository\io\netty\netty-transport-native-kqueue\4.1.84.Final\netty-transport-native-kqueue-4.1.84.Final.jar;C:\Users\Bharathwaj_Arunachal\.m2\repository\io\netty\netty-transport-native-unix-common\4.1.84.Final\netty-transport-native-unix-common-4.1.84.Final.jar;C:\Users\Bharathwaj_Arunachal\.m2\repository\io\netty\netty-transport\4.1.84.Final\netty-transport-4.1.84.Final.jar;C:\Users\Bharathwaj_Arunachal\.m2\repository\io\netty\netty-resolver\4.1.84.Final\netty-resolver-4.1.84.Final.jar;C:\Users\Bharathwaj_Arunachal\.m2\repository\io\opentelemetry\opentelemetry-api\1.19.0\opentelemetry-api-1.19.0.jar;C:\Users\Bharathwaj_Arunachal\.m2\repository\io\opentelemetry\opentelemetry-context\1.19.0\opentelemetry-context-1.19.0.jar;C:\Users\Bharathwaj_Arunachal\.m2\repository\io\opentelemetry\opentelemetry-exporter-logging\1.19.0\opentelemetry-exporter-logging-1.19.0.jar;C:\Users\Bharathwaj_Arunachal\.m2\repository\io\opentelemetry\opentelemetry-sdk-metrics\1.19.0\opentelemetry-sdk-metrics-1.19.0.jar;C:\Users\Bharathwaj_Arunachal\.m2\repository\io\opentelemetry\opentelemetry-sdk-logs\1.19.0-alpha\opentelemetry-sdk-logs-1.19.0-alpha.jar;C:\Users\Bharathwaj_Arunachal\.m2\repository\io\opentelemetry\opentelemetry-api-logs\1.19.0-alpha\opentelemetry-api-logs-1.19.0-alpha.jar;C:\Users\Bharathwaj_Arunachal\.m2\repository\io\opentelemetry\opentelemetry-sdk-common\1.19.0\opentelemetry-sdk-common-1.19.0.jar;C:\Users\Bharathwaj_Arunachal\.m2\repository\io\opentelemetry\opentelemetry-sdk-extension-autoconfigure-spi\1.19.0\opentelemetry-sdk-extension-autoconfigure-spi-1.19.0.jar;C:\Users\Bharathwaj_Arunachal\.m2\repository\io\opentelemetry\opentelemetry-sdk-extension-autoconfigure\1.19.0-alpha\opentelemetry-sdk-extension-autoconfigure-1.19.0-alpha.jar;C:\Users\Bharathwaj_Arunachal\.m2\repository\io\opentelemetry\opentelemetry-exporter-common\1.19.0\opentelemetry-exporter-common-1.19.0.jar;C:\Users\Bharathwaj_Arunachal\.m2\repository\io\opentelemetry\opentelemetry-sdk-trace\1.19.0\opentelemetry-sdk-trace-1.19.0.jar;C:\Users\Bharathwaj_Arunachal\.m2\repository\io\opentelemetry\opentelemetry-sdk\1.19.0\opentelemetry-sdk-1.19.0.jar;C:\Users\Bharathwaj_Arunachal\.m2\repository\io\opentelemetry\opentelemetry-semconv\1.19.0-alpha\opentelemetry-semconv-1.19.0-alpha.jar;C:\Users\Bharathwaj_Arunachal\.m2\repository\io\ous\jtoml\2.0.0\jtoml-2.0.0.jar;C:\Users\Bharathwaj_Arunachal\.m2\repository\net\bytebuddy\byte-buddy\1.12.18\byte-buddy-1.12.18.jar;C:\Users\Bharathwaj_Arunachal\.m2\repository\org\apache\commons\commons-exec\1.3\commons-exec-1.3.jar;C:\Users\Bharathwaj_Arunachal\.m2\repository\org\asynchttpclient\async-http-client\2.12.3\async-http-client-2.12.3.jar;C:\Users\Bharathwaj_Arunachal\.m2\repository\org\asynchttpclient\async-http-client-netty-utils\2.12.3\async-http-client-netty-utils-2.12.3.jar;C:\Users\Bharathwaj_Arunachal\.m2\repository\io\netty\netty-codec-socks\4.1.60.Final\netty-codec-socks-4.1.60.Final.jar;C:\Users\Bharathwaj_Arunachal\.m2\repository\io\netty\netty-handler-proxy\4.1.60.Final\netty-handler-proxy-4.1.60.Final.jar;C:\Users\Bharathwaj_Arunachal\.m2\repository\io\netty\netty-transport-native-epoll\4.1.60.Final\netty-transport-native-epoll-4.1.60.Final-linux-x86_64.jar;C:\Users\Bharathwaj_Arunachal\.m2\repository\io\netty\netty-transport-native-kqueue\4.1.60.Final\netty-transport-native-kqueue-4.1.60.Final-osx-x86_64.jar;C:\Users\Bharathwaj_Arunachal\.m2\repository\org\reactivestreams\reactive-streams\1.0.3\reactive-streams-1.0.3.jar;C:\Users\Bharathwaj_Arunachal\.m2\repository\com\typesafe\netty\netty-reactive-streams\2.0.4\netty-reactive-streams-2.0.4.jar;C:\Users\Bharathwaj_Arunachal\.m2\repository\com\sun\activation\jakarta.activation\1.2.2\jakarta.activation-1.2.2.jar;C:\Users\Bharathwaj_Arunachal\.m2\repository\org\seleniumhq\selenium\selenium-http\4.6.0\selenium-http-4.6.0.jar;C:\Users\Bharathwaj_Arunachal\.m2\repository\dev\failsafe\failsafe\3.3.0\failsafe-3.3.0.jar;C:\Users\Bharathwaj_Arunachal\.m2\repository\org\seleniumhq\selenium\selenium-manager\4.6.0\selenium-manager-4.6.0.jar;C:\Users\Bharathwaj_Arunachal\.m2\repository\org\seleniumhq\selenium\selenium-safari-driver\4.6.0\selenium-safari-driver-4.6.0.jar;C:\Users\Bharathwaj_Arunachal\.m2\repository\org\seleniumhq\selenium\selenium-support\4.6.0\selenium-support-4.6.0.jar;C:\Users\Bharathwaj_Arunachal\.m2\repository\org\testng\testng\7.6.1\testng-7.6.1.jar;C:\Users\Bharathwaj_Arunachal\.m2\repository\com\google\code\findbugs\jsr305\3.0.2\jsr305-3.0.2.jar;C:\Users\Bharathwaj_Arunachal\.m2\repository\org\slf4j\slf4j-api\1.7.36\slf4j-api-1.7.36.jar;C:\Users\Bharathwaj_Arunachal\.m2\repository\com\beust\jcommander\1.82\jcommander-1.82.jar;C:\Users\Bharathwaj_Arunachal\.m2\repository\org\webjars\jquery\3.6.0\jquery-3.6.0.jar;C:\Users\Bharathwaj_Arunachal\.m2\repository\com\browserstack\browserstack-java-sdk\1.1.0\browserstack-java-sdk-1.1.0.jar;C:\Users\Bharathwaj_Arunachal\.m2\repository\org\javassist\javassist\3.26.0-GA\javassist-3.26.0-GA.jar;C:\Users\Bharathwaj_Arunachal\.m2\repository\com\fasterxml\jackson\core\jackson-core\2.13.3\jackson-core-2.13.3.jar;C:\Users\Bharathwaj_Arunachal\.m2\repository\com\fasterxml\jackson\core\jackson-databind\2.13.3\jackson-databind-2.13.3.jar;C:\Users\Bharathwaj_Arunachal\.m2\repository\com\fasterxml\jackson\core\jackson-annotations\2.13.3\jackson-annotations-2.13.3.jar;C:\Users\Bharathwaj_Arunachal\.m2\repository\com\browserstack\browserstack-local-java\1.0.6\browserstack-local-java-1.0.6.jar;C:\Users\Bharathwaj_Arunachal\.m2\repository\commons-io\commons-io\1.3.2\commons-io-1.3.2.jar;C:\Users\Bharathwaj_Arunachal\.m2\repository\org\json\json\20160212\json-20160212.jar;C:\Users\Bharathwaj_Arunachal\.m2\repository\org\apache\commons\commons-lang3\3.11\commons-lang3-3.11.jar;C:\Users\Bharathwaj_Arunachal\.m2\repository\com\googlecode\json-simple\json-simple\1.1.1\json-simple-1.1.1.jar;C:\Users\Bharathwaj_Arunachal\.m2\repository\junit\junit\4.10\junit-4.10.jar;C:\Users\Bharathwaj_Arunachal\.m2\repository\org\hamcrest\hamcrest-core\1.1\hamcrest-core-1.1.jar;C:\Users\Bharathwaj_Arunachal\.m2\repository\org\yaml\snakeyaml\1.30\snakeyaml-1.30.jar;C:\Users\Bharathwaj_Arunachal\.m2\repository\org\apache\maven\maven-artifact\3.8.6\maven-artifact-3.8.6.jar;C:\Users\Bharathwaj_Arunachal\.m2\repository\org\codehaus\plexus\plexus-utils\3.3.1\plexus-utils-3.3.1.jar;C:\Users\Bharathwaj_Arunachal\.m2\repository\org\jsoup\jsoup\1.15.1\jsoup-1.15.1.jar;C:\Users\Bharathwaj_Arunachal\.m2\repository\com\squareup\okhttp3\okhttp\3.14.9\okhttp-3.14.9.jar;C:\Users\Bharathwaj_Arunachal\.m2\repository\com\squareup\okio\okio\1.17.2\okio-1.17.2.jar;"/>
    <property name="java.vm.vendor" value="Eclipse Adoptium"/>
    <property name="sun.arch.data.model" value="64"/>
    <property name="user.variant" value=""/>
    <property name="java.vendor.url" value="https://adoptium.net/"/>
    <property name="user.timezone" value="Asia/Calcutta"/>
    <property name="os.name" value="Windows 10"/>
    <property name="java.vm.specification.version" value="17"/>
    <property name="sun.java.launcher" value="SUN_STANDARD"/>
    <property name="user.country" value="IN"/>
    <property name="sun.boot.library.path" value="C:\Users\Bharathwaj_Arunachal\.p2\pool\plugins\org.eclipse.justj.openjdk.hotspot.jre.full.win32.x86_64_17.0.5.v20221102-0933\jre\bin"/>
    <property name="sun.java.command" value="C:\Users\Bharathwaj_Arunachal\AppData\Local\Temp\surefire5895268646964612203\surefirebooter14281125805639606541.jar C:\Users\Bharathwaj_Arunachal\AppData\Local\Temp\surefire5895268646964612203 2022-11-17T17-07-59_978-jvmRun1 surefire8758080274721138684tmp surefire_03899905801517547095tmp"/>
    <property name="jdk.debug" value="release"/>
    <property name="surefire.test.class.path" value="C:\Users\Bharathwaj_Arunachal\eclipse-workspace\BrowserStackLearn\target\test-classes;C:\Users\Bharathwaj_Arunachal\eclipse-workspace\BrowserStackLearn\target\classes;C:\Users\Bharathwaj_Arunachal\.m2\repository\org\seleniumhq\selenium\selenium-java\4.6.0\selenium-java-4.6.0.jar;C:\Users\Bharathwaj_Arunachal\.m2\repository\org\seleniumhq\selenium\selenium-api\4.6.0\selenium-api-4.6.0.jar;C:\Users\Bharathwaj_Arunachal\.m2\repository\org\seleniumhq\selenium\selenium-chrome-driver\4.6.0\selenium-chrome-driver-4.6.0.jar;C:\Users\Bharathwaj_Arunachal\.m2\repository\com\google\auto\service\auto-service-annotations\1.0.1\auto-service-annotations-1.0.1.jar;C:\Users\Bharathwaj_Arunachal\.m2\repository\com\google\auto\service\auto-service\1.0.1\auto-service-1.0.1.jar;C:\Users\Bharathwaj_Arunachal\.m2\repository\com\google\auto\auto-common\1.2\auto-common-1.2.jar;C:\Users\Bharathwaj_Arunachal\.m2\repository\com\google\guava\guava\31.1-jre\guava-31.1-jre.jar;C:\Users\Bharathwaj_Arunachal\.m2\repository\com\google\guava\failureaccess\1.0.1\failureaccess-1.0.1.jar;C:\Users\Bharathwaj_Arunachal\.m2\repository\com\google\guava\listenablefuture\9999.0-empty-to-avoid-conflict-with-guava\listenablefuture-9999.0-empty-to-avoid-conflict-with-guava.jar;C:\Users\Bharathwaj_Arunachal\.m2\repository\org\checkerframework\checker-qual\3.12.0\checker-qual-3.12.0.jar;C:\Users\Bharathwaj_Arunachal\.m2\repository\com\google\errorprone\error_prone_annotations\2.11.0\error_prone_annotations-2.11.0.jar;C:\Users\Bharathwaj_Arunachal\.m2\repository\com\google\j2objc\j2objc-annotations\1.3\j2objc-annotations-1.3.jar;C:\Users\Bharathwaj_Arunachal\.m2\repository\org\seleniumhq\selenium\selenium-chromium-driver\4.6.0\selenium-chromium-driver-4.6.0.jar;C:\Users\Bharathwaj_Arunachal\.m2\repository\org\seleniumhq\selenium\selenium-json\4.6.0\selenium-json-4.6.0.jar;C:\Users\Bharathwaj_Arunachal\.m2\repository\org\seleniumhq\selenium\selenium-devtools-v105\4.6.0\selenium-devtools-v105-4.6.0.jar;C:\Users\Bharathwaj_Arunachal\.m2\repository\org\seleniumhq\selenium\selenium-devtools-v106\4.6.0\selenium-devtools-v106-4.6.0.jar;C:\Users\Bharathwaj_Arunachal\.m2\repository\org\seleniumhq\selenium\selenium-devtools-v107\4.6.0\selenium-devtools-v107-4.6.0.jar;C:\Users\Bharathwaj_Arunachal\.m2\repository\org\seleniumhq\selenium\selenium-devtools-v85\4.6.0\selenium-devtools-v85-4.6.0.jar;C:\Users\Bharathwaj_Arunachal\.m2\repository\org\seleniumhq\selenium\selenium-edge-driver\4.6.0\selenium-edge-driver-4.6.0.jar;C:\Users\Bharathwaj_Arunachal\.m2\repository\org\seleniumhq\selenium\selenium-firefox-driver\4.6.0\selenium-firefox-driver-4.6.0.jar;C:\Users\Bharathwaj_Arunachal\.m2\repository\org\seleniumhq\selenium\selenium-ie-driver\4.6.0\selenium-ie-driver-4.6.0.jar;C:\Users\Bharathwaj_Arunachal\.m2\repository\org\seleniumhq\selenium\selenium-remote-driver\4.6.0\selenium-remote-driver-4.6.0.jar;C:\Users\Bharathwaj_Arunachal\.m2\repository\io\netty\netty-buffer\4.1.84.Final\netty-buffer-4.1.84.Final.jar;C:\Users\Bharathwaj_Arunachal\.m2\repository\io\netty\netty-codec-http\4.1.84.Final\netty-codec-http-4.1.84.Final.jar;C:\Users\Bharathwaj_Arunachal\.m2\repository\io\netty\netty-codec\4.1.84.Final\netty-codec-4.1.84.Final.jar;C:\Users\Bharathwaj_Arunachal\.m2\repository\io\netty\netty-handler\4.1.84.Final\netty-handler-4.1.84.Final.jar;C:\Users\Bharathwaj_Arunachal\.m2\repository\io\netty\netty-common\4.1.84.Final\netty-common-4.1.84.Final.jar;C:\Users\Bharathwaj_Arunachal\.m2\repository\io\netty\netty-transport-classes-epoll\4.1.84.Final\netty-transport-classes-epoll-4.1.84.Final.jar;C:\Users\Bharathwaj_Arunachal\.m2\repository\io\netty\netty-transport-classes-kqueue\4.1.84.Final\netty-transport-classes-kqueue-4.1.84.Final.jar;C:\Users\Bharathwaj_Arunachal\.m2\repository\io\netty\netty-transport-native-epoll\4.1.84.Final\netty-transport-native-epoll-4.1.84.Final.jar;C:\Users\Bharathwaj_Arunachal\.m2\repository\io\netty\netty-transport-native-kqueue\4.1.84.Final\netty-transport-native-kqueue-4.1.84.Final.jar;C:\Users\Bharathwaj_Arunachal\.m2\repository\io\netty\netty-transport-native-unix-common\4.1.84.Final\netty-transport-native-unix-common-4.1.84.Final.jar;C:\Users\Bharathwaj_Arunachal\.m2\repository\io\netty\netty-transport\4.1.84.Final\netty-transport-4.1.84.Final.jar;C:\Users\Bharathwaj_Arunachal\.m2\repository\io\netty\netty-resolver\4.1.84.Final\netty-resolver-4.1.84.Final.jar;C:\Users\Bharathwaj_Arunachal\.m2\repository\io\opentelemetry\opentelemetry-api\1.19.0\opentelemetry-api-1.19.0.jar;C:\Users\Bharathwaj_Arunachal\.m2\repository\io\opentelemetry\opentelemetry-context\1.19.0\opentelemetry-context-1.19.0.jar;C:\Users\Bharathwaj_Arunachal\.m2\repository\io\opentelemetry\opentelemetry-exporter-logging\1.19.0\opentelemetry-exporter-logging-1.19.0.jar;C:\Users\Bharathwaj_Arunachal\.m2\repository\io\opentelemetry\opentelemetry-sdk-metrics\1.19.0\opentelemetry-sdk-metrics-1.19.0.jar;C:\Users\Bharathwaj_Arunachal\.m2\repository\io\opentelemetry\opentelemetry-sdk-logs\1.19.0-alpha\opentelemetry-sdk-logs-1.19.0-alpha.jar;C:\Users\Bharathwaj_Arunachal\.m2\repository\io\opentelemetry\opentelemetry-api-logs\1.19.0-alpha\opentelemetry-api-logs-1.19.0-alpha.jar;C:\Users\Bharathwaj_Arunachal\.m2\repository\io\opentelemetry\opentelemetry-sdk-common\1.19.0\opentelemetry-sdk-common-1.19.0.jar;C:\Users\Bharathwaj_Arunachal\.m2\repository\io\opentelemetry\opentelemetry-sdk-extension-autoconfigure-spi\1.19.0\opentelemetry-sdk-extension-autoconfigure-spi-1.19.0.jar;C:\Users\Bharathwaj_Arunachal\.m2\repository\io\opentelemetry\opentelemetry-sdk-extension-autoconfigure\1.19.0-alpha\opentelemetry-sdk-extension-autoconfigure-1.19.0-alpha.jar;C:\Users\Bharathwaj_Arunachal\.m2\repository\io\opentelemetry\opentelemetry-exporter-common\1.19.0\opentelemetry-exporter-common-1.19.0.jar;C:\Users\Bharathwaj_Arunachal\.m2\repository\io\opentelemetry\opentelemetry-sdk-trace\1.19.0\opentelemetry-sdk-trace-1.19.0.jar;C:\Users\Bharathwaj_Arunachal\.m2\repository\io\opentelemetry\opentelemetry-sdk\1.19.0\opentelemetry-sdk-1.19.0.jar;C:\Users\Bharathwaj_Arunachal\.m2\repository\io\opentelemetry\opentelemetry-semconv\1.19.0-alpha\opentelemetry-semconv-1.19.0-alpha.jar;C:\Users\Bharathwaj_Arunachal\.m2\repository\io\ous\jtoml\2.0.0\jtoml-2.0.0.jar;C:\Users\Bharathwaj_Arunachal\.m2\repository\net\bytebuddy\byte-buddy\1.12.18\byte-buddy-1.12.18.jar;C:\Users\Bharathwaj_Arunachal\.m2\repository\org\apache\commons\commons-exec\1.3\commons-exec-1.3.jar;C:\Users\Bharathwaj_Arunachal\.m2\repository\org\asynchttpclient\async-http-client\2.12.3\async-http-client-2.12.3.jar;C:\Users\Bharathwaj_Arunachal\.m2\repository\org\asynchttpclient\async-http-client-netty-utils\2.12.3\async-http-client-netty-utils-2.12.3.jar;C:\Users\Bharathwaj_Arunachal\.m2\repository\io\netty\netty-codec-socks\4.1.60.Final\netty-codec-socks-4.1.60.Final.jar;C:\Users\Bharathwaj_Arunachal\.m2\repository\io\netty\netty-handler-proxy\4.1.60.Final\netty-handler-proxy-4.1.60.Final.jar;C:\Users\Bharathwaj_Arunachal\.m2\repository\io\netty\netty-transport-native-epoll\4.1.60.Final\netty-transport-native-epoll-4.1.60.Final-linux-x86_64.jar;C:\Users\Bharathwaj_Arunachal\.m2\repository\io\netty\netty-transport-native-kqueue\4.1.60.Final\netty-transport-native-kqueue-4.1.60.Final-osx-x86_64.jar;C:\Users\Bharathwaj_Arunachal\.m2\repository\org\reactivestreams\reactive-streams\1.0.3\reactive-streams-1.0.3.jar;C:\Users\Bharathwaj_Arunachal\.m2\repository\com\typesafe\netty\netty-reactive-streams\2.0.4\netty-reactive-streams-2.0.4.jar;C:\Users\Bharathwaj_Arunachal\.m2\repository\com\sun\activation\jakarta.activation\1.2.2\jakarta.activation-1.2.2.jar;C:\Users\Bharathwaj_Arunachal\.m2\repository\org\seleniumhq\selenium\selenium-http\4.6.0\selenium-http-4.6.0.jar;C:\Users\Bharathwaj_Arunachal\.m2\repository\dev\failsafe\failsafe\3.3.0\failsafe-3.3.0.jar;C:\Users\Bharathwaj_Arunachal\.m2\repository\org\seleniumhq\selenium\selenium-manager\4.6.0\selenium-manager-4.6.0.jar;C:\Users\Bharathwaj_Arunachal\.m2\repository\org\seleniumhq\selenium\selenium-safari-driver\4.6.0\selenium-safari-driver-4.6.0.jar;C:\Users\Bharathwaj_Arunachal\.m2\repository\org\seleniumhq\selenium\selenium-support\4.6.0\selenium-support-4.6.0.jar;C:\Users\Bharathwaj_Arunachal\.m2\repository\org\testng\testng\7.6.1\testng-7.6.1.jar;C:\Users\Bharathwaj_Arunachal\.m2\repository\com\google\code\findbugs\jsr305\3.0.2\jsr305-3.0.2.jar;C:\Users\Bharathwaj_Arunachal\.m2\repository\org\slf4j\slf4j-api\1.7.36\slf4j-api-1.7.36.jar;C:\Users\Bharathwaj_Arunachal\.m2\repository\com\beust\jcommander\1.82\jcommander-1.82.jar;C:\Users\Bharathwaj_Arunachal\.m2\repository\org\webjars\jquery\3.6.0\jquery-3.6.0.jar;C:\Users\Bharathwaj_Arunachal\.m2\repository\com\browserstack\browserstack-java-sdk\1.1.0\browserstack-java-sdk-1.1.0.jar;C:\Users\Bharathwaj_Arunachal\.m2\repository\org\javassist\javassist\3.26.0-GA\javassist-3.26.0-GA.jar;C:\Users\Bharathwaj_Arunachal\.m2\repository\com\fasterxml\jackson\core\jackson-core\2.13.3\jackson-core-2.13.3.jar;C:\Users\Bharathwaj_Arunachal\.m2\repository\com\fasterxml\jackson\core\jackson-databind\2.13.3\jackson-databind-2.13.3.jar;C:\Users\Bharathwaj_Arunachal\.m2\repository\com\fasterxml\jackson\core\jackson-annotations\2.13.3\jackson-annotations-2.13.3.jar;C:\Users\Bharathwaj_Arunachal\.m2\repository\com\browserstack\browserstack-local-java\1.0.6\browserstack-local-java-1.0.6.jar;C:\Users\Bharathwaj_Arunachal\.m2\repository\commons-io\commons-io\1.3.2\commons-io-1.3.2.jar;C:\Users\Bharathwaj_Arunachal\.m2\repository\org\json\json\20160212\json-20160212.jar;C:\Users\Bharathwaj_Arunachal\.m2\repository\org\apache\commons\commons-lang3\3.11\commons-lang3-3.11.jar;C:\Users\Bharathwaj_Arunachal\.m2\repository\com\googlecode\json-simple\json-simple\1.1.1\json-simple-1.1.1.jar;C:\Users\Bharathwaj_Arunachal\.m2\repository\junit\junit\4.10\junit-4.10.jar;C:\Users\Bharathwaj_Arunachal\.m2\repository\org\hamcrest\hamcrest-core\1.1\hamcrest-core-1.1.jar;C:\Users\Bharathwaj_Arunachal\.m2\repository\org\yaml\snakeyaml\1.30\snakeyaml-1.30.jar;C:\Users\Bharathwaj_Arunachal\.m2\repository\org\apache\maven\maven-artifact\3.8.6\maven-artifact-3.8.6.jar;C:\Users\Bharathwaj_Arunachal\.m2\repository\org\codehaus\plexus\plexus-utils\3.3.1\plexus-utils-3.3.1.jar;C:\Users\Bharathwaj_Arunachal\.m2\repository\org\jsoup\jsoup\1.15.1\jsoup-1.15.1.jar;C:\Users\Bharathwaj_Arunachal\.m2\repository\com\squareup\okhttp3\okhttp\3.14.9\okhttp-3.14.9.jar;C:\Users\Bharathwaj_Arunachal\.m2\repository\com\squareup\okio\okio\1.17.2\okio-1.17.2.jar;"/>
    <property name="sun.cpu.endian" value="little"/>
    <property name="user.home" value="C:\Users\Bharathwaj_Arunachal"/>
    <property name="user.language" value="en"/>
    <property name="java.specification.vendor" value="Oracle Corporation"/>
    <property name="java.version.date" value="2022-10-18"/>
    <property name="java.home" value="C:\Users\Bharathwaj_Arunachal\.p2\pool\plugins\org.eclipse.justj.openjdk.hotspot.jre.full.win32.x86_64_17.0.5.v20221102-0933\jre"/>
    <property name="file.separator" value="\"/>
    <property name="style.color" value="always"/>
    <property name="basedir" value="C:\Users\Bharathwaj_Arunachal\eclipse-workspace\BrowserStackLearn"/>
    <property name="java.vm.compressedOopsMode" value="Zero based"/>
    <property name="line.separator" value="&#10;"/>
    <property name="java.vm.specification.vendor" value="Oracle Corporation"/>
    <property name="java.specification.name" value="Java Platform API Specification"/>
    <property name="surefire.real.class.path" value="C:\Users\Bharathwaj_Arunachal\AppData\Local\Temp\surefire5895268646964612203\surefirebooter14281125805639606541.jar"/>
    <property name="user.script" value=""/>
    <property name="sun.management.compiler" value="HotSpot 64-Bit Tiered Compilers"/>
    <property name="java.runtime.version" value="17.0.5+8"/>
    <property name="user.name" value="Bharathwaj_Arunachal"/>
    <property name="path.separator" value=";"/>
    <property name="otel.metrics.exporter" value="none"/>
    <property name="os.version" value="10.0"/>
    <property name="java.runtime.name" value="OpenJDK Runtime Environment"/>
    <property name="otel.traces.exporter" value="none"/>
    <property name="file.encoding" value="Cp1252"/>
    <property name="java.vm.name" value="OpenJDK 64-Bit Server VM"/>
    <property name="java.vendor.version" value="Temurin-17.0.5+8"/>
    <property name="startUp@0" value="0"/>
    <property name="localRepository" value="C:\Users\Bharathwaj_Arunachal\.m2\repository"/>
    <property name="java.vendor.url.bug" value="https://github.com/adoptium/adoptium-support/issues"/>
    <property name="java.io.tmpdir" value="C:\Users\BHARAT~1\AppData\Local\Temp\"/>
    <property name="java.version" value="17.0.5"/>
    <property name="user.dir" value="C:\Users\Bharathwaj_Arunachal\eclipse-workspace\BrowserStackLearn"/>
    <property name="os.arch" value="amd64"/>
    <property name="java.vm.specification.name" value="Java Virtual Machine Specification"/>
    <property name="sun.os.patch.level" value=""/>
    <property name="native.encoding" value="Cp1252"/>
    <property name="java.library.path" value="C:\Users\Bharathwaj_Arunachal\.p2\pool\plugins\org.eclipse.justj.openjdk.hotspot.jre.full.win32.x86_64_17.0.5.v20221102-0933\jre\bin;C:\Windows\Sun\Java\bin;C:\Windows\system32;C:\Windows;C:/Users/Bharathwaj_Arunachal/.p2/pool/plugins/org.eclipse.justj.openjdk.hotspot.jre.full.win32.x86_64_17.0.5.v20221102-0933/jre/bin/server;C:/Users/Bharathwaj_Arunachal/.p2/pool/plugins/org.eclipse.justj.openjdk.hotspot.jre.full.win32.x86_64_17.0.5.v20221102-0933/jre/bin;C:\Program Files\Common Files\Oracle\Java\javapath;C:\Windows\system32;C:\Windows;C:\Windows\System32\Wbem;C:\Windows\System32\WindowsPowerShell\v1.0\;C:\Windows\System32\OpenSSH\;C:\Program Files\dotnet\;C:\Users\Bharathwaj_Arunachal\AppData\Local\Microsoft\WindowsApps;;C:\Users\Bharathwaj_Arunachal\Desktop;;."/>
    <property name="java.vm.info" value="mixed mode"/>
    <property name="java.vendor" value="Eclipse Adoptium"/>
    <property name="java.vm.version" value="17.0.5+8"/>
    <property name="sun.io.unicode.encoding" value="UnicodeLittle"/>
    <property name="java.class.version" value="61.0"/>
  </properties>
  <testcase name="searchEPAMInChrome" classname="tests.ChromeTests1" time="7.902">
    <system-out><![CDATA[Google
EPAM | Enterprise Software Development, Design & Consulting
]]></system-out>
    <system-err><![CDATA[Nov 17, 2022 5:08:01 PM org.openqa.selenium.remote.tracing.opentelemetry.OpenTelemetryTracer createTracer
INFO: Using OpenTelemetry for tracing
]]></system-err>
  </testcase>
  <testcase name="launchEPAM" classname="tests.ChromeTests2" time="8.053">
    <failure message="java.lang.AssertionError: expected [true] but found [false]" type="java.lang.RuntimeException"><![CDATA[java.lang.RuntimeException: java.lang.AssertionError: expected [true] but found [false]
	at tests.ChromeTests2.launchEPAM(ChromeTests2.java:71)
Caused by: java.lang.AssertionError: expected [true] but found [false]
	at tests.ChromeTests2.launchEPAM(ChromeTests2.java:67)
]]></failure>
  </testcase>
</testsuite>