<?xml version="1.0" encoding="UTF-8"?>
<!-- Generated by org.testng.reporters.JUnitReportReporter -->
<testsuite hostname="EPINBANW0416" failures="0" tests="3" name="tests.FirefoxTests" time="36.201" errors="0" timestamp="2022-11-17T14:20:36 IST" skipped="0">
  <testcase classname="tests.FirefoxTests" name="launchEPAM" time="9.224"/>
  <system-out/>
  <testcase classname="tests.FirefoxTests" name="launchEPAM" time="13.993"/>
  <system-out/>
  <testcase classname="tests.FirefoxTests" name="launchEPAM" time="12.984"/>
  <system-out/>
</testsuite> <!-- tests.FirefoxTests -->
