<?xml version="1.0" encoding="UTF-8"?>
<!-- Generated by org.testng.reporters.JUnitReportReporter -->
<testsuite hostname="EPINBANW0416" failures="0" tests="1" name="tests.ChromeTests1" time="7.848" errors="0" timestamp="2022-11-17T17:08:20 IST" skipped="0">
  <testcase classname="tests.ChromeTests1" name="searchEPAMInChrome" time="7.848"/>
  <system-out/>
</testsuite> <!-- tests.ChromeTests1 -->
